<?xml version="1.0" encoding="UTF-8"?>
<testng-results skipped="0" failed="0" ignored="0" total="1" passed="1">
  <reporter-output>
  </reporter-output>
  <suite name="Default suite" duration-ms="22456" started-at="2020-12-23T21:34:08Z" finished-at="2020-12-23T21:34:31Z">
    <groups>
    </groups>
    <test name="Default test" duration-ms="22456" started-at="2020-12-23T21:34:08Z" finished-at="2020-12-23T21:34:31Z">
      <class name="testCases.LoginPageTest">
        <test-method status="PASS" signature="setup()[pri:0, instance:testCases.LoginPageTest@46d56d67]" name="setup" is-config="true" duration-ms="3337" started-at="2020-12-23T21:34:08Z" finished-at="2020-12-23T21:34:12Z">
          <reporter-output>
          </reporter-output>
        </test-method> <!-- setup -->
        <test-method status="PASS" signature="loginTest()[pri:1, instance:testCases.LoginPageTest@46d56d67]" name="loginTest" duration-ms="19099" started-at="2020-12-23T21:34:12Z" finished-at="2020-12-23T21:34:31Z">
          <reporter-output>
          </reporter-output>
        </test-method> <!-- loginTest -->
      </class> <!-- testCases.LoginPageTest -->
    </test> <!-- Default test -->
  </suite> <!-- Default suite -->
</testng-results>
